 |                                                                   
=|== OSKAR-2.8.3 starting at 2024-07-16, 08:23:42 (IST).
 |                                                                   
 | + Current dir is /home/rohit/my_git/lipi/adhyan/ska
 | + Logging to file oskar_2024-07-16_082342.log
W|                                                                   
W|== WARNING: No GPU capability available.
W|                                                                   
 |                                                                   
=|== Sky model summary
 |                                                                   
 | + Number of sources                   : 9896
 | + Number of chunks                    : 1
 |                                                                   
=|== Telescope model summary
 |                                                                   
 | + Longitude [deg]                     : 21.444
 | + Latitude [deg]                      : -30.711
 | + Altitude [m]                        : 0
 | + Number of stations                  : 64
 | + Number of station models            : 64
 | + Max station size                    : 1
 | + Max station depth                   : 1
 |                                                                   
=|== Initial memory usage
 |                                                                   
 | + System memory is 97.7% (61.2 GB/62.7 GB) used.
 | + System memory used by current process: 3199.8 MB.
 |                                                                   
=|== Starting simulation...
 |                                                                   
