 |                                                                   
=|== OSKAR-2.8.3 starting at 2024-07-20, 10:37:19 (IST).
 |                                                                   
 | + Current dir is /home/rohit/my_git/lipi/adhyan/ska
 | + Logging to file oskar_2024-07-20_103719.log
 |                                                                   
=|== Sky model summary
 |                                                                   
 | + Number of sources                   : 6149100
 | + Number of chunks                    : 376
 |                                                                   
=|== Telescope model summary
 |                                                                   
 | + Longitude [deg]                     : 116.671
 | + Latitude [deg]                      : -26.703
 | + Altitude [m]                        : 0
 | + Number of stations                  : 128
 | + Number of station models            : 128
 | + Max station size                    : 1
 | + Max station depth                   : 1
W|                                                                   
W|== WARNING: Gaussian ellipse solution failed for 34859 sources. These will be simulated as point sources.
W|                                                                   
 |                                                                   
=|== Initial memory usage
 |                                                                   
 | + System memory is 99.0% (62.1 GB/62.7 GB) used.
 | + System memory used by current process: 5165.5 MB.
 |                                                                   
=|== Starting simulation...
 |                                                                   
