 |                                                                   
=|== OSKAR-2.8.3 starting at 2024-07-24, 15:23:55 (IST).
 |                                                                   
 | + Current dir is /home/rohit/my_git/lipi/adhyan/ska
 | + Logging to file oskar_2024-07-24_152355.log
 |                                                                   
=|== Sky model summary
 |                                                                   
 | + Number of sources                   : 6460
 | + Number of chunks                    : 1
 |                                                                   
=|== Telescope model summary
 |                                                                   
 | + Longitude [deg]                     : 116.671
 | + Latitude [deg]                      : -26.703
 | + Altitude [m]                        : 0
 | + Number of stations                  : 512
 | + Number of station models            : 512
 | + Max station size                    : 2587
 | + Max station depth                   : 1
 |                                                                   
=|== Initial memory usage
 |                                                                   
 | + CUDA device 0 [NVIDIA GeForce RTX 3060] memory is 15.8% (1898/12037 MiB) used.
 | + System memory is 67.1% (42.1 GB/62.7 GB) used.
 | + System memory used by current process: 5131.3 MB.
 |                                                                   
=|== Starting simulation...
 |                                                                   
