 |                                                                   
=|== OSKAR-2.8.3 starting at 2024-07-18, 15:45:16 (IST).
 |                                                                   
 | + Current dir is /home/rohit/my_git/lipi/adhyan/ska
 | + Logging to file oskar_2024-07-18_154516.log
W|                                                                   
W|== WARNING: No GPU capability available.
W|                                                                   
 |                                                                   
=|== Sky model summary
 |                                                                   
 | + Number of sources                   : 9896
 | + Number of chunks                    : 1
 |                                                                   
=|== Telescope model summary
 |                                                                   
 | + Longitude [deg]                     : 21.411
 | + Latitude [deg]                      : -30.721
 | + Altitude [m]                        : 0
 | + Number of stations                  : 197
 | + Number of station models            : 197
 | + Max station size                    : 1
 | + Max station depth                   : 1
 |                                                                   
=|== Initial memory usage
 |                                                                   
 | + System memory is 61.7% (38.7 GB/62.7 GB) used.
 | + System memory used by current process: 1168.2 MB.
 |                                                                   
=|== Starting simulation...
 |                                                                   
