 |                                                                   
=|== OSKAR-2.8.3 starting at 2025-05-16, 10:04:05 (IST).
 |                                                                   
 | + Current dir is /home/rohit/my_git/lipi/adhyan/ska
 | + Logging to file oskar_2025-05-16_100405.log
 |                                                                   
=|== Sky model summary
 |                                                                   
 | + Number of sources                   : 9896
 | + Number of chunks                    : 1
 |                                                                   
=|== Telescope model summary
 |                                                                   
 | + Longitude [deg]                     : 21.444
 | + Latitude [deg]                      : -30.711
 | + Altitude [m]                        : 0
 | + Number of stations                  : 64
 | + Number of station models            : 64
 | + Max station size                    : 1
 | + Max station depth                   : 1
 |                                                                   
=|== Initial memory usage
 |                                                                   
 | + CUDA device 0 [NVIDIA GeForce RTX 3060] memory is 8.3% (998/12037 MiB) used.
 | + System memory is 44.2% (27.7 GB/62.7 GB) used.
 | + System memory used by current process: 420.6 MB.
 |                                                                   
=|== Starting simulation...
 |                                                                   
