 |                                                                   
=|== OSKAR-2.8.3 starting at 2024-07-24, 10:58:01 (IST).
 |                                                                   
 | + Current dir is /home/rohit/my_git/lipi/adhyan/ska
 | + Logging to file oskar_2024-07-24_105801.log
 |                                                                   
=|== Sky model summary
 |                                                                   
 | + Number of sources                   : 6460
 | + Number of chunks                    : 1
 |                                                                   
=|== Telescope model summary
 |                                                                   
 | + Longitude [deg]                     : 116.671
 | + Latitude [deg]                      : -26.703
 | + Altitude [m]                        : 0
 | + Number of stations                  : 128
 | + Number of station models            : 128
 | + Max station size                    : 1
 | + Max station depth                   : 1
 |                                                                   
=|== Initial memory usage
 |                                                                   
 | + CUDA device 0 [NVIDIA GeForce RTX 3060] memory is 8.6% (1041/12037 MiB) used.
 | + System memory is 75.7% (47.5 GB/62.7 GB) used.
 | + System memory used by current process: 3909.8 MB.
 |                                                                   
=|== Starting simulation...
 |                                                                   
