 |                                                                   
=|== OSKAR-2.8.3 starting at 2024-07-23, 23:07:12 (IST).
 |                                                                   
 | + Current dir is /home/rohit/my_git/lipi/adhyan/ska
 | + Logging to file oskar_2024-07-23_230712.log
 |                                                                   
=|== Sky model summary
 |                                                                   
 | + Number of sources                   : 6460
 | + Number of chunks                    : 1
 |                                                                   
=|== Telescope model summary
 |                                                                   
 | + Longitude [deg]                     : 116.671
 | + Latitude [deg]                      : -26.703
 | + Altitude [m]                        : 0
 | + Number of stations                  : 128
 | + Number of station models            : 128
 | + Max station size                    : 1
 | + Max station depth                   : 1
 |                                                                   
=|== Initial memory usage
 |                                                                   
 | + System memory is 69.3% (43.4 GB/62.7 GB) used.
 | + System memory used by current process: 4325.2 MB.
 |                                                                   
=|== Starting simulation...
 |                                                                   
