 |                                                                   
=|== OSKAR-2.8.3 starting at 2024-06-10, 18:45:42 (IST).
 |                                                                   
 | + Current dir is /home/rohit/my_git/lipi/adhyan/ska
 | + Logging to file oskar_2024-06-10_184542.log
 |                                                                   
=|== Sky model summary
 |                                                                   
 | + Number of sources                   : 16000
 | + Number of chunks                    : 1
 |                                                                   
=|== Telescope model summary
 |                                                                   
 | + Longitude [deg]                     : 116.671
 | + Latitude [deg]                      : -26.703
 | + Altitude [m]                        : 0
 | + Number of stations                  : 512
 | + Number of station models            : 512
 | + Max station size                    : 2587
 | + Max station depth                   : 1
 |                                                                   
=|== Initial memory usage
 |                                                                   
 | + CUDA device 0 [NVIDIA GeForce RTX 3060] memory is 14.3% (1718/12044 MiB) used.
 | + System memory is 71.3% (44.7 GB/62.7 GB) used.
 | + System memory used by current process: 4042.8 MB.
 |                                                                   
=|== Starting simulation...
 |                                                                   
