 |                                                                   
=|== OSKAR-2.8.3 starting at 2024-06-03, 20:16:50 (IST).
 |                                                                   
 | + Current dir is /home/rohit/my_git/lipi/adhyan/ska
 | + Logging to file oskar_2024-06-03_201650.log
W|                                                                   
W|== WARNING: No GPU capability available.
W|                                                                   
 |                                                                   
=|== Sky model summary
 |                                                                   
 | + Number of sources                   : 16457
 | + Number of chunks                    : 2
 |                                                                   
=|== Telescope model summary
 |                                                                   
 | + Longitude [deg]                     : 0.000
 | + Latitude [deg]                      : -50.000
 | + Altitude [m]                        : 0
 | + Number of stations                  : 512
 | + Number of station models            : 512
 | + Max station size                    : 2587
 | + Max station depth                   : 1
 |                                                                   
=|== Initial memory usage
 |                                                                   
 | + System memory is 95.4% (59.8 GB/62.7 GB) used.
 | + System memory used by current process: 26566.4 MB.
 |                                                                   
=|== Starting simulation...
 |                                                                   
