 |                                                                   
=|== OSKAR-2.8.3 starting at 2024-06-07, 20:01:30 (IST).
 |                                                                   
 | + Current dir is /home/rohit/my_git/lipi/adhyan/ska
 | + Logging to file oskar_2024-06-07_200130.log
W|                                                                   
W|== WARNING: No GPU capability available.
W|                                                                   
 |                                                                   
=|== Sky model summary
 |                                                                   
 | + Number of sources                   : 16001
 | + Number of chunks                    : 1
 |                                                                   
=|== Telescope model summary
 |                                                                   
 | + Longitude [deg]                     : 21.411
 | + Latitude [deg]                      : -30.721
 | + Altitude [m]                        : 0
 | + Number of stations                  : 197
 | + Number of station models            : 197
 | + Max station size                    : 1
 | + Max station depth                   : 1
 |                                                                   
=|== Initial memory usage
 |                                                                   
 | + System memory is 93.9% (58.8 GB/62.7 GB) used.
 | + System memory used by current process: 3514.1 MB.
 |                                                                   
=|== Starting simulation...
 |                                                                   
