 |                                                                   
=|== OSKAR-2.8.3 starting at 2025-03-16, 18:38:26 (IST).
 |                                                                   
 | + Current dir is /home/rohit/my_git/lipi/adhyan/ska
 | + Logging to file oskar_2025-03-16_183826.log
 |                                                                   
=|== Sky model summary
 |                                                                   
 | + Number of sources                   : 9896
 | + Number of chunks                    : 1
 |                                                                   
=|== Telescope model summary
 |                                                                   
 | + Longitude [deg]                     : 21.444
 | + Latitude [deg]                      : -30.711
 | + Altitude [m]                        : 0
 | + Number of stations                  : 64
 | + Number of station models            : 64
 | + Max station size                    : 1
 | + Max station depth                   : 1
 |                                                                   
=|== Initial memory usage
 |                                                                   
 | + CUDA device 0 [NVIDIA GeForce RTX 3060] memory is 10.6% (1277/12042 MiB) used.
 | + System memory is 97.9% (61.4 GB/62.7 GB) used.
 | + System memory used by current process: 3936.4 MB.
 |                                                                   
=|== Starting simulation...
 |                                                                   
